[0m[ INFO] [1484076613.390245596]: wlp3s0 IP Address 10.25.12.189[0m
[0m[ INFO] [1484076613.390325485]: creating socket on 10.25.12.189:8000 with client 10.25.12.227:8000[0m

lighthouse:    0
rotor:         1
sweep:         30331
angle: 65.514960
lighthouse:    1
rotor:         0
sweep:         47052
angle: 101.632320
lighthouse:    1
rotor:         1
sweep:         30371
angle: 65.601360
lighthouse:    0
rotor:         0
sweep:         38267
angle: 82.656720
lighthouse:    0
rotor:         1
sweep:         30330
angle: 65.512800
lighthouse:    1
rotor:         0
sweep:         47051
angle: 101.630160
lighthouse:    1
rotor:         1
sweep:         30370
angle: 65.599200
lighthouse:    0
rotor:         0
sweep:         38267
angle: 82.656720
lighthouse:    0
rotor:         1
sweep:         30330
angle: 65.512800
lighthouse:    1
rotor:         0
sweep:         47051
angle: 101.630160
lighthouse:    1
rotor:         1
sweep:         30370
angle: 65.599200
lighthouse:    0
rotor:         0
sweep:         38267
angle: 82.656720
lighthouse:    0
rotor:         1
sweep:         30331
angle: 65.514960
lighthouse:    1
rotor:         0
sweep:         47052
angle: 101.632320
lighthouse:    1
rotor:         1
sweep:         30371
angle: 65.601360
lighthouse:    0
rotor:         0
sweep:         38267
angle: 82.656720
lighthouse:    0
rotor:         1
sweep:         30332
angle: 65.517120
lighthouse:    1
rotor:         0
sweep:         47052
angle: 101.632320
lighthouse:    1
rotor:         1
sweep:         30371
angle: 65.601360
lighthouse:    0
rotor:         0
sweep:         38267
angle: 82.656720
lighthouse:    0
rotor:         1
sweep:         30332
angle: 65.517120
lighthouse:    1
rotor:         0
sweep:         47052
angle: 101.632320
lighthouse:    1
rotor:         1
sweep:         30368
angle: 65.594880
lighthouse:    0
rotor:         0
sweep:         38268
angle: 82.658880
lighthouse:    0
rotor:         1
sweep:         30331
angle: 65.514960
lighthouse:    1
rotor:         0
sweep:         47053
angle: 101.634480
lighthouse:    1
rotor:         1
sweep:         30371
angle: 65.601360
lighthouse:    0
rotor:         0
sweep:         38268
angle: 82.658880
lighthouse:    0
rotor:         1
sweep:         30332
angle: 65.517120
lighthouse:    1
rotor:         0
sweep:         47052
angle: 101.632320
lighthouse:    1
rotor:         1
sweep:         30369
angle: 65.597040
lighthouse:    0
rotor:         0
sweep:         69643
angle: 150.428880
lighthouse:    0
rotor:         1
sweep:         30328
angle: 65.508480
lighthouse:    1
rotor:         0
sweep:         47051
angle: 101.630160
lighthouse:    1
rotor:         1
sweep:         30371
angle: 65.601360
lighthouse:    0
rotor:         0
sweep:         38267
angle: 82.656720
lighthouse:    0
rotor:         0
sweep:         113669
angle: 245.525040
lighthouse:    1
rotor:         1
sweep:         30371
angle: 65.601360
lighthouse:    0
rotor:         0
sweep:         38265
angle: 82.652400
lighthouse:    0
rotor:         1
sweep:         30330
angle: 65.512800
lighthouse:    1
rotor:         0
sweep:         47052
angle: 101.632320
lighthouse:    1
rotor:         1
sweep:         30370
angle: 65.599200
lighthouse:    0
rotor:         0
sweep:         38267
angle: 82.656720
lighthouse:    0
rotor:         1
sweep:         30331
angle: 65.514960
lighthouse:    1
rotor:         0
sweep:         63194
angle: 136.499040
lighthouse:    1
rotor:         1
sweep:         30372
angle: 65.603520
lighthouse:    0
rotor:         0
sweep:         38267
angle: 82.656720
lighthouse:    0
rotor:         1
sweep:         30331
angle: 65.514960
lighthouse:    1
rotor:         0
sweep:         47049
angle: 101.625840
lighthouse:    1
rotor:         1
sweep:         30370
angle: 65.599200
lighthouse:    0
rotor:         0
sweep:         38268
angle: 82.658880
lighthouse:    0
rotor:         1
sweep:         30331
angle: 65.514960
lighthouse:    1
rotor:         0
sweep:         47052
angle: 101.632320
lighthouse:    1
rotor:         1
sweep:         30372
angle: 65.603520
lighthouse:    0
rotor:         0
sweep:         38264
angle: 82.650240
lighthouse:    0
rotor:         1
sweep:         30331
angle: 65.514960
lighthouse:    1
rotor:         0
sweep:         47052
angle: 101.632320
lighthouse:    1
rotor:         1
sweep:         30371
angle: 65.601360
lighthouse:    0
rotor:         0
sweep:         38268
angle: 82.658880
lighthouse:    0
rotor:         1
sweep:         30332
angle: 65.517120
lighthouse:    1
rotor:         0
sweep:         47052
angle: 101.632320
lighthouse:    1
rotor:         1
sweep:         30259
angle: 65.359440
lighthouse:    0
rotor:         0
sweep:         38268
angle: 82.658880
lighthouse:    0
rotor:         1
sweep:         30330
angle: 65.512800
lighthouse:    1
rotor:         0
sweep:         47053
angle: 101.634480
lighthouse:    0
rotor:         0
sweep:         38263
angle: 82.648080
lighthouse:    0
rotor:         1
sweep:         30332
angle: 65.517120
lighthouse:    1
rotor:         0
sweep:         47052
angle: 101.632320
lighthouse:    1
rotor:         1
sweep:         30370
angle: 65.599200
lighthouse:    0
rotor:         0
sweep:         38268
angle: 82.658880
lighthouse:    0
rotor:         1
sweep:         30331
angle: 65.514960
lighthouse:    1
rotor:         0
sweep:         47053
angle: 101.634480
lighthouse:    1
rotor:         1
sweep:         30371
angle: 65.601360
lighthouse:    0
rotor:         0
sweep:         38267
angle: 82.656720
lighthouse:    0
rotor:         1
sweep:         30330
angle: 65.512800
lighthouse:    1
rotor:         0
sweep:         47053
angle: 101.634480
lighthouse:    1
rotor:         1
sweep:         30370
angle: 65.599200
lighthouse:    0
rotor:         0
sweep:         38267
angle: 82.656720
lighthouse:    0
rotor:         1
sweep:         30331
angle: 65.514960
lighthouse:    1
rotor:         0
sweep:         47052
angle: 101.632320
lighthouse:    1
rotor:         1
sweep:         30371
angle: 65.601360
lighthouse:    0
rotor:         0
sweep:         38266
angle: 82.654560
lighthouse:    0
rotor:         1
sweep:         30331
angle: 65.514960
lighthouse:    1
rotor:         0
sweep:         47052
angle: 101.632320
lighthouse:    1
rotor:         1
sweep:         30370
angle: 65.599200
lighthouse:    0
rotor:         0
sweep:         38268
angle: 82.658880
lighthouse:    0
rotor:         1
sweep:         30331
angle: 65.514960
lighthouse:    1
rotor:         0
sweep:         47053
angle: 101.634480
lighthouse:    1
rotor:         1
sweep:         30371
angle: 65.601360
lighthouse:    0
rotor:         0
sweep:         38267
angle: 82.656720
lighthouse:    1
rotor:         0
sweep:         47051
angle: 101.630160
lighthouse:    1
rotor:         1
sweep:         30371
angle: 65.601360
lighthouse:    0
rotor:         0
sweep:         38267
angle: 82.656720
lighthouse:    0
rotor:         1
sweep:         30331
angle: 65.514960
lighthouse:    1
rotor:         0
sweep:         47051
angle: 101.630160
lighthouse:    1
rotor:         1
sweep:         30370
angle: 65.599200
lighthouse:    0
rotor:         0
sweep:         38266
angle: 82.654560
lighthouse:    0
rotor:         1
sweep:         30331
angle: 65.514960
lighthouse:    1
rotor:         0
sweep:         47053
angle: 101.634480
lighthouse:    1
rotor:         1
sweep:         30369
angle: 65.597040
lighthouse:    0
rotor:         0
sweep:         38268
angle: 82.658880
lighthouse:    0
rotor:         0
sweep:         113657
angle: 245.499120
lighthouse:    1
rotor:         1
sweep:         30371
angle: 65.601360
lighthouse:    0
rotor:         0
sweep:         38267
angle: 82.656720
lighthouse:    0
rotor:         1
sweep:         30331
angle: 65.514960
lighthouse:    1
rotor:         0
sweep:         47052
angle: 101.632320
lighthouse:    1
rotor:         1
sweep:         30371
angle: 65.601360
lighthouse:    0
rotor:         0
sweep:         38269
angle: 82.661040
lighthouse:    0
rotor:         1
sweep:         30331
angle: 65.514960
lighthouse:    1
rotor:         0
sweep:         47053
angle: 101.634480
lighthouse:    1
rotor:         1
sweep:         30370
angle: 65.599200
lighthouse:    0
rotor:         0
sweep:         38268
angle: 82.658880
lighthouse:    0
rotor:         1
sweep:         30331
angle: 65.514960
lighthouse:    1
rotor:         0
sweep:         47052
angle: 101.632320
lighthouse:    1
rotor:         1
sweep:         30371
angle: 65.601360
lighthouse:    0
rotor:         0
sweep:         38268
angle: 82.658880
lighthouse:    0
rotor:         1
sweep:         30331
angle: 65.514960
lighthouse:    1
rotor:         0
sweep:         47053
angle: 101.634480
lighthouse:    1
rotor:         1
sweep:         30370
angle: 65.599200
lighthouse:    0
rotor:         0
sweep:         38269
angle: 82.661040
lighthouse:    0
rotor:         1
sweep:         30330
angle: 65.512800
lighthouse:    1
rotor:         0
sweep:         47051
angle: 101.630160
lighthouse:    1
rotor:         1
sweep:         30371
angle: 65.601360
lighthouse:    0
rotor:         0
sweep:         38265
angle: 82.652400
lighthouse:    0
rotor:         1
sweep:         30331
angle: 65.514960
lighthouse:    1
rotor:         0
sweep:         47052
angle: 101.632320
lighthouse:    1
rotor:         1
sweep:         30371
angle: 65.601360
lighthouse:    0
rotor:         0
sweep:         38266
angle: 82.654560
lighthouse:    0
rotor:         1
sweep:         30331
angle: 65.514960
lighthouse:    1
rotor:         0
sweep:         47051
angle: 101.630160
lighthouse:    1
rotor:         1
sweep:         30370
angle: 65.599200
lighthouse:    0
rotor:         0
sweep:         38267
angle: 82.656720
lighthouse:    0
rotor:         1
sweep:         30331
angle: 65.514960
lighthouse:    1
rotor:         0
sweep:         47051
angle: 101.630160
lighthouse:    1
rotor:         1
sweep:         30371
angle: 65.601360
lighthouse:    0
rotor:         0
sweep:         38266
angle: 82.654560
lighthouse:    0
rotor:         0
sweep:         113661
angle: 245.507760
lighthouse:    1
rotor:         1
sweep:         30371
angle: 65.601360
lighthouse:    0
rotor:         0
sweep:         38267
angle: 82.656720
lighthouse:    0
rotor:         1
sweep:         30333
angle: 65.519280
lighthouse:    1
rotor:         0
sweep:         47053
angle: 101.634480
lighthouse:    1
rotor:         1
sweep:         30370
angle: 65.599200
lighthouse:    0
rotor:         0
sweep:         38266
angle: 82.654560
lighthouse:    0
rotor:         1
sweep:         30331
angle: 65.514960
lighthouse:    1
rotor:         0
sweep:         47052
angle: 101.632320
lighthouse:    1
rotor:         1
sweep:         30370
angle: 65.599200
lighthouse:    0
rotor:         0
sweep:         38267
angle: 82.656720
lighthouse:    0
rotor:         1
sweep:         30330
angle: 65.512800
lighthouse:    1
rotor:         0
sweep:         47053
angle: 101.634480
lighthouse:    1
rotor:         1
sweep:         30370
angle: 65.599200
lighthouse:    0
rotor:         0
sweep:         38268
angle: 82.658880
lighthouse:    0
rotor:         1
sweep:         30332
angle: 65.517120
lighthouse:    1
rotor:         0
sweep:         47053
angle: 101.634480
lighthouse:    1
rotor:         1
sweep:         30370
angle: 65.599200
lighthouse:    1
rotor:         1
sweep:         117493
angle: 253.784880
lighthouse:    1
rotor:         0
sweep:         47051
angle: 101.630160
lighthouse:    1
rotor:         1
sweep:         30371
angle: 65.601360
lighthouse:    0
rotor:         0
sweep:         38268
angle: 82.658880
lighthouse:    0
rotor:         1
sweep:         30332
angle: 65.517120
lighthouse:    1
rotor:         0
sweep:         47052
angle: 101.632320
lighthouse:    1
rotor:         1
sweep:         30369
angle: 65.597040
lighthouse:    0
rotor:         0
sweep:         38265
angle: 82.652400
lighthouse:    0
rotor:         1
sweep:         30332
angle: 65.517120
lighthouse:    1
rotor:         0
sweep:         47052
angle: 101.632320
lighthouse:    1
rotor:         1
sweep:         30380
angle: 65.620800
lighthouse:    0
rotor:         0
sweep:         38267
angle: 82.656720
lighthouse:    0
rotor:         1
sweep:         30332
angle: 65.517120
lighthouse:    1
rotor:         0
sweep:         47052
angle: 101.632320
lighthouse:    1
rotor:         1
sweep:         30369
angle: 65.597040
lighthouse:    0
rotor:         0
sweep:         38265
angle: 82.652400
lighthouse:    0
rotor:         1
sweep:         30332
angle: 65.517120
lighthouse:    1
rotor:         0
sweep:         47052
angle: 101.632320
lighthouse:    1
rotor:         1
sweep:         30370
angle: 65.599200
lighthouse:    0
rotor:         0
sweep:         38267
angle: 82.656720
lighthouse:    0
rotor:         1
sweep:         30333
angle: 65.519280
lighthouse:    1
rotor:         0
sweep:         47051
angle: 101.630160
lighthouse:    1
rotor:         1
sweep:         30370
angle: 65.599200
lighthouse:    0
rotor:         0
sweep:         38268
angle: 82.658880
lighthouse:    0
rotor:         1
sweep:         30331
angle: 65.514960
lighthouse:    1
rotor:         0
sweep:         47052
angle: 101.632320
lighthouse:    1
rotor:         1
sweep:         30371
angle: 65.601360
lighthouse:    0
rotor:         0
sweep:         38268
angle: 82.658880
lighthouse:    0
rotor:         1
sweep:         30330
angle: 65.512800
lighthouse:    1
rotor:         0
sweep:         47051
angle: 101.630160
lighthouse:    1
rotor:         1
sweep:         30371
angle: 65.601360
lighthouse:    0
rotor:         0
sweep:         38267
angle: 82.656720
lighthouse:    0
rotor:         1
sweep:         30331
angle: 65.514960
lighthouse:    1
rotor:         0
sweep:         47051
angle: 101.630160
lighthouse:    1
rotor:         1
sweep:         30371
angle: 65.601360
lighthouse:    0
rotor:         0
sweep:         38267
angle: 82.656720
lighthouse:    0
rotor:         1
sweep:         30331
angle: 65.514960
lighthouse:    1
rotor:         0
sweep:         47052
angle: 101.632320
lighthouse:    1
rotor:         1
sweep:         30371
angle: 65.601360
lighthouse:    0
rotor:         1
sweep:         30330
angle: 65.512800
lighthouse:    1
rotor:         0
sweep:         47052
angle: 101.632320
lighthouse:    1
rotor:         1
sweep:         30370
angle: 65.599200
lighthouse:    1
rotor:         1
sweep:         117494
angle: 253.787040
lighthouse:    1
rotor:         0
sweep:         47052
angle: 101.632320
lighthouse:    1
rotor:         1
sweep:         30369
angle: 65.597040
lighthouse:    0
rotor:         0
sweep:         38268
angle: 82.658880
lighthouse:    0
rotor:         1
sweep:         30330
angle: 65.512800
lighthouse:    1
rotor:         0
sweep:         47050
angle: 101.628000
lighthouse:    1
rotor:         1
sweep:         30370
angle: 65.599200
lighthouse:    0
rotor:         0
sweep:         38266
angle: 82.654560
lighthouse:    0
rotor:         1
sweep:         30330
angle: 65.512800
lighthouse:    1
rotor:         0
sweep:         47052
angle: 101.632320
lighthouse:    1
rotor:         1
sweep:         30370
angle: 65.599200
lighthouse:    0
rotor:         0
sweep:         38268
angle: 82.658880
lighthouse:    0
rotor:         1
sweep:         30331
angle: 65.514960
lighthouse:    1
rotor:         0
sweep:         47053
angle: 101.634480
lighthouse:    1
rotor:         1
sweep:         30368
angle: 65.594880
lighthouse:    0
rotor:         0
sweep:         38267
angle: 82.656720
lighthouse:    0
rotor:         1
sweep:         30332
angle: 65.517120
lighthouse:    1
rotor:         0
sweep:         47053
angle: 101.634480
lighthouse:    1
rotor:         1
sweep:         30371
angle: 65.601360
lighthouse:    0
rotor:         0
sweep:         38267
angle: 82.656720
lighthouse:    0
rotor:         1
sweep:         30331
angle: 65.514960
lighthouse:    1
rotor:         0
sweep:         47053
angle: 101.634480
lighthouse:    1
rotor:         1
sweep:         30371
angle: 65.601360
lighthouse:    0
rotor:         0
sweep:         38267
angle: 82.656720
lighthouse:    0
rotor:         1
sweep:         30331
angle: 65.514960
lighthouse:    1
rotor:         0
sweep:         47052
angle: 101.632320
lighthouse:    1
rotor:         1
sweep:         30371
angle: 65.601360
lighthouse:    1
rotor:         1
sweep:         117497
angle: 253.793520
lighthous