Welcome to Xilinx CORE Generator.
Help system initialized.
The IP Catalog has been reloaded.
Opening project file /home/letrend/workspace/darkroom/ise_files/mojo_top.cgp.
Recustomize and Generate (Under Original Project Settings)INFO:sim:172 - Generating IP...
WARNING:sim - A core named 'clk5MHz' already exists in the project. Output
   products for this core may be overwritten.
Resolving generics for 'clk5MHz'...
WARNING:sim - A core named 'clk5MHz' already exists in the project. Output
   products for this core may be overwritten.
Applying external generics to 'clk5MHz'...
Delivering associated files for 'clk5MHz'...
WARNING:sim - Component clk_wiz_v3_6 does not have a valid model name for VHDL
   synthesis
Delivering EJava files for 'clk5MHz'...
Delivered 3 files into directory
/home/letrend/workspace/darkroom/ise_files/tmp/_cg/clk5MHz
Delivered 1 file into directory
/home/letrend/workspace/darkroom/ise_files/tmp/_cg/clk5MHz
Generating ASY schematic symbol...
Loading device for application Rf_Device from file '6slx9.nph' in environment
/opt/Xilinx/14.7/ISE_DS/ISE/.
INFO:sim:949 - Finished generation of ASY schematic symbol.
Generating ISE project...
XCO file found: clk5MHz.xco
XMDF file found: clk5MHz_xmdf.tcl
Adding /home/letrend/workspace/darkroom/ise_files/tmp/_cg/clk5MHz.asy -view all
-origin_type imported
Adding /home/letrend/workspace/darkroom/ise_files/tmp/_cg/clk5MHz.ucf -view all
-origin_type created
Adding /home/letrend/workspace/darkroom/ise_files/tmp/_cg/clk5MHz.vhd -view all
-origin_type created
INFO:HDLCompiler:1061 - Parsing VHDL file
   "/home/letrend/workspace/darkroom/ise_files/tmp/_cg/clk5MHz.vhd" into library
   work
INFO:ProjectMgmt - Parsing design hierarchy completed successfully.
Adding /home/letrend/workspace/darkroom/ise_files/tmp/_cg/clk5MHz.vho -view all
-origin_type imported
INFO:TclTasksC:2116 - The automatic calculation of top has been turned-off.
   Please set the new top explicitly by running the "project set top" command.
   To re-calculate the new top automatically, set the "Auto Implementation Top"
   property to true.
Top level has been set to "/clk5MHz"
Generating README file...
Generating FLIST file...
INFO:sim:948 - Finished FLIST file generation.
Launching README viewer...
Moving files to output directory...
Finished moving files to output directory
Saved CGP file for project 'mojo_top'.
